#! /usr/local/bin/vvp
:ivl_version "11.0 (stable)" "(v11_0-128-gf8e29ee5e)";
:ivl_delay_selection "TYPICAL";
:vpi_time_precision - 11;
:vpi_module "/usr/local/lib/ivl/system.vpi";
:vpi_module "/usr/local/lib/ivl/vhdl_sys.vpi";
:vpi_module "/usr/local/lib/ivl/vhdl_textio.vpi";
:vpi_module "/usr/local/lib/ivl/v2005_math.vpi";
:vpi_module "/usr/local/lib/ivl/va_math.vpi";
S_0x555e7e273f30 .scope module, "tri_gen" "tri_gen" 2 5;
 .timescale -9 -11;
    .port_info 0 /INPUT 1 "clk";
    .port_info 1 /INPUT 1 "res";
    .port_info 2 /OUTPUT 9 "d_out";
o0x7fcd5f003018 .functor BUFZ 1, C4<z>; HiZ drive
v0x555e7e2740c0_0 .net "clk", 0 0, o0x7fcd5f003018;  0 drivers
v0x555e7e273e90_0 .var "d_out", 8 0;
o0x7fcd5f003078 .functor BUFZ 1, C4<z>; HiZ drive
v0x555e7e2bae10_0 .net "res", 0 0, o0x7fcd5f003078;  0 drivers
v0x555e7e2baeb0_0 .var "state", 0 0;
E_0x555e7e272520/0 .event negedge, v0x555e7e2bae10_0;
E_0x555e7e272520/1 .event posedge, v0x555e7e2740c0_0;
E_0x555e7e272520 .event/or E_0x555e7e272520/0, E_0x555e7e272520/1;
    .scope S_0x555e7e273f30;
T_0 ;
    %wait E_0x555e7e272520;
    %load/vec4 v0x555e7e2bae10_0;
    %inv;
    %flag_set/vec4 8;
    %jmp/0xz  T_0.0, 8;
    %pushi/vec4 0, 0, 1;
    %assign/vec4 v0x555e7e2baeb0_0, 0;
    %pushi/vec4 0, 0, 9;
    %assign/vec4 v0x555e7e273e90_0, 0;
    %jmp T_0.1;
T_0.0 ;
    %load/vec4 v0x555e7e2baeb0_0;
    %dup/vec4;
    %pushi/vec4 0, 0, 1;
    %cmp/u;
    %jmp/1 T_0.2, 6;
    %dup/vec4;
    %pushi/vec4 1, 0, 1;
    %cmp/u;
    %jmp/1 T_0.3, 6;
    %jmp T_0.4;
T_0.2 ;
    %load/vec4 v0x555e7e273e90_0;
    %addi 1, 0, 9;
    %assign/vec4 v0x555e7e273e90_0, 0;
    %load/vec4 v0x555e7e273e90_0;
    %pad/u 32;
    %cmpi/e 299, 0, 32;
    %jmp/0xz  T_0.5, 4;
    %pushi/vec4 1, 0, 1;
    %assign/vec4 v0x555e7e2baeb0_0, 0;
T_0.5 ;
    %jmp T_0.4;
T_0.3 ;
    %load/vec4 v0x555e7e273e90_0;
    %subi 1, 0, 9;
    %assign/vec4 v0x555e7e273e90_0, 0;
    %load/vec4 v0x555e7e273e90_0;
    %pad/u 32;
    %cmpi/e 1, 0, 32;
    %jmp/0xz  T_0.7, 4;
    %pushi/vec4 0, 0, 1;
    %assign/vec4 v0x555e7e2baeb0_0, 0;
T_0.7 ;
    %jmp T_0.4;
T_0.4 ;
    %pop/vec4 1;
T_0.1 ;
    %jmp T_0;
    .thread T_0;
# The file index is used to find the file name in the following table.
:file_names 3;
    "N/A";
    "<interactive>";
    "tri_gen.v";
