#! /usr/local/bin/vvp
:ivl_version "11.0 (stable)" "(v11_0-128-gf8e29ee5e)";
:ivl_delay_selection "TYPICAL";
:vpi_time_precision - 11;
:vpi_module "/usr/local/lib/ivl/system.vpi";
:vpi_module "/usr/local/lib/ivl/vhdl_sys.vpi";
:vpi_module "/usr/local/lib/ivl/vhdl_textio.vpi";
:vpi_module "/usr/local/lib/ivl/v2005_math.vpi";
:vpi_module "/usr/local/lib/ivl/va_math.vpi";
S_0x560084d10f30 .scope module, "seg_dec" "seg_dec" 2 5;
 .timescale -9 -11;
    .port_info 0 /INPUT 4 "num";
    .port_info 1 /OUTPUT 7 "a_g";
v0x560084d10790_0 .var "a_g", 6 0;
o0x7f163ab22048 .functor BUFZ 4, C4<zzzz>; HiZ drive
v0x560084d110c0_0 .net "num", 3 0, o0x7f163ab22048;  0 drivers
E_0x560084d0f420 .event edge, v0x560084d110c0_0;
    .scope S_0x560084d10f30;
T_0 ;
    %wait E_0x560084d0f420;
    %load/vec4 v0x560084d110c0_0;
    %dup/vec4;
    %pushi/vec4 0, 0, 4;
    %cmp/u;
    %jmp/1 T_0.0, 6;
    %dup/vec4;
    %pushi/vec4 1, 0, 4;
    %cmp/u;
    %jmp/1 T_0.1, 6;
    %dup/vec4;
    %pushi/vec4 2, 0, 4;
    %cmp/u;
    %jmp/1 T_0.2, 6;
    %dup/vec4;
    %pushi/vec4 3, 0, 4;
    %cmp/u;
    %jmp/1 T_0.3, 6;
    %dup/vec4;
    %pushi/vec4 4, 0, 4;
    %cmp/u;
    %jmp/1 T_0.4, 6;
    %dup/vec4;
    %pushi/vec4 5, 0, 4;
    %cmp/u;
    %jmp/1 T_0.5, 6;
    %dup/vec4;
    %pushi/vec4 6, 0, 4;
    %cmp/u;
    %jmp/1 T_0.6, 6;
    %dup/vec4;
    %pushi/vec4 7, 0, 4;
    %cmp/u;
    %jmp/1 T_0.7, 6;
    %dup/vec4;
    %pushi/vec4 8, 0, 4;
    %cmp/u;
    %jmp/1 T_0.8, 6;
    %dup/vec4;
    %pushi/vec4 9, 0, 4;
    %cmp/u;
    %jmp/1 T_0.9, 6;
    %pushi/vec4 1, 0, 7;
    %assign/vec4 v0x560084d10790_0, 0;
    %jmp T_0.11;
T_0.0 ;
    %pushi/vec4 126, 0, 7;
    %assign/vec4 v0x560084d10790_0, 0;
    %jmp T_0.11;
T_0.1 ;
    %pushi/vec4 48, 0, 7;
    %assign/vec4 v0x560084d10790_0, 0;
    %jmp T_0.11;
T_0.2 ;
    %pushi/vec4 109, 0, 7;
    %assign/vec4 v0x560084d10790_0, 0;
    %jmp T_0.11;
T_0.3 ;
    %pushi/vec4 121, 0, 7;
    %assign/vec4 v0x560084d10790_0, 0;
    %jmp T_0.11;
T_0.4 ;
    %pushi/vec4 51, 0, 7;
    %assign/vec4 v0x560084d10790_0, 0;
    %jmp T_0.11;
T_0.5 ;
    %pushi/vec4 91, 0, 7;
    %assign/vec4 v0x560084d10790_0, 0;
    %jmp T_0.11;
T_0.6 ;
    %pushi/vec4 95, 0, 7;
    %assign/vec4 v0x560084d10790_0, 0;
    %jmp T_0.11;
T_0.7 ;
    %pushi/vec4 112, 0, 7;
    %assign/vec4 v0x560084d10790_0, 0;
    %jmp T_0.11;
T_0.8 ;
    %pushi/vec4 127, 0, 7;
    %assign/vec4 v0x560084d10790_0, 0;
    %jmp T_0.11;
T_0.9 ;
    %pushi/vec4 123, 0, 7;
    %assign/vec4 v0x560084d10790_0, 0;
    %jmp T_0.11;
T_0.11 ;
    %pop/vec4 1;
    %jmp T_0;
    .thread T_0, $push;
# The file index is used to find the file name in the following table.
:file_names 3;
    "N/A";
    "<interactive>";
    "seg.v";
