#! /usr/local/bin/vvp
:ivl_version "11.0 (stable)" "(v11_0-128-gf8e29ee5e)";
:ivl_delay_selection "TYPICAL";
:vpi_time_precision - 11;
:vpi_module "/usr/local/lib/ivl/system.vpi";
:vpi_module "/usr/local/lib/ivl/vhdl_sys.vpi";
:vpi_module "/usr/local/lib/ivl/vhdl_textio.vpi";
:vpi_module "/usr/local/lib/ivl/v2005_math.vpi";
:vpi_module "/usr/local/lib/ivl/va_math.vpi";
S_0x5621e2965f30 .scope module, "sigma_16p" "sigma_16p" 2 5;
 .timescale -9 -11;
    .port_info 0 /INPUT 1 "clk";
    .port_info 1 /INPUT 1 "res";
    .port_info 2 /INPUT 8 "data_in";
    .port_info 3 /INPUT 1 "syn_in";
    .port_info 4 /OUTPUT 12 "data_out";
    .port_info 5 /OUTPUT 1 "syn_out";
o0x7f0bdc280348 .functor BUFZ 1, C4<z>; HiZ drive
L_0x5621e29b5a60 .functor AND 1, o0x7f0bdc280348, v0x5621e29b5760_0, C4<1>, C4<1>;
L_0x5621e29b5d90 .functor NOT 7, L_0x5621e29b5cf0, C4<0000000>, C4<0000000>, C4<0000000>;
v0x5621e2963e60_0 .net *"_ivl_10", 7 0, L_0x5621e29b5e80;  1 drivers
v0x5621e29b47a0_0 .net *"_ivl_15", 0 0, L_0x5621e29b60e0;  1 drivers
v0x5621e29b4880_0 .net *"_ivl_17", 0 0, L_0x5621e29b6210;  1 drivers
v0x5621e29b4940_0 .net *"_ivl_19", 0 0, L_0x5621e29b62b0;  1 drivers
v0x5621e29b4a20_0 .net *"_ivl_21", 0 0, L_0x5621e29b6430;  1 drivers
v0x5621e29b4b50_0 .net *"_ivl_3", 0 0, L_0x5621e29b5b20;  1 drivers
v0x5621e29b4c30_0 .net *"_ivl_5", 0 0, L_0x5621e29b5c20;  1 drivers
v0x5621e29b4d10_0 .net *"_ivl_7", 6 0, L_0x5621e29b5cf0;  1 drivers
v0x5621e29b4df0_0 .net *"_ivl_8", 6 0, L_0x5621e29b5d90;  1 drivers
o0x7f0bdc2801c8 .functor BUFZ 1, C4<z>; HiZ drive
v0x5621e29b4ed0_0 .net "clk", 0 0, o0x7f0bdc2801c8;  0 drivers
v0x5621e29b4f90_0 .net "comp_8", 7 0, L_0x5621e29b5ff0;  1 drivers
v0x5621e29b5070_0 .var "con_syn", 3 0;
v0x5621e29b5150_0 .net "d_12", 11 0, L_0x5621e29b64d0;  1 drivers
o0x7f0bdc280288 .functor BUFZ 8, C4<zzzzzzzz>; HiZ drive
v0x5621e29b5230_0 .net "data_in", 7 0, o0x7f0bdc280288;  0 drivers
v0x5621e29b5310_0 .var "data_out", 11 0;
o0x7f0bdc2802e8 .functor BUFZ 1, C4<z>; HiZ drive
v0x5621e29b53f0_0 .net "res", 0 0, o0x7f0bdc2802e8;  0 drivers
v0x5621e29b54b0_0 .var "sigma", 11 0;
v0x5621e29b56a0_0 .net "syn_in", 0 0, o0x7f0bdc280348;  0 drivers
v0x5621e29b5760_0 .var "syn_in_n1", 0 0;
v0x5621e29b5820_0 .var "syn_out", 0 0;
v0x5621e29b58e0_0 .net "syn_pulse", 0 0, L_0x5621e29b5a60;  1 drivers
E_0x5621e2964600/0 .event negedge, v0x5621e29b53f0_0;
E_0x5621e2964600/1 .event posedge, v0x5621e29b4ed0_0;
E_0x5621e2964600 .event/or E_0x5621e2964600/0, E_0x5621e2964600/1;
L_0x5621e29b5b20 .part o0x7f0bdc280288, 7, 1;
L_0x5621e29b5c20 .part o0x7f0bdc280288, 7, 1;
L_0x5621e29b5cf0 .part o0x7f0bdc280288, 0, 7;
L_0x5621e29b5e80 .concat [ 7 1 0 0], L_0x5621e29b5d90, L_0x5621e29b5c20;
L_0x5621e29b5ff0 .functor MUXZ 8, o0x7f0bdc280288, L_0x5621e29b5e80, L_0x5621e29b5b20, C4<>;
L_0x5621e29b60e0 .part L_0x5621e29b5ff0, 7, 1;
L_0x5621e29b6210 .part L_0x5621e29b5ff0, 7, 1;
L_0x5621e29b62b0 .part L_0x5621e29b5ff0, 7, 1;
L_0x5621e29b6430 .part L_0x5621e29b5ff0, 7, 1;
LS_0x5621e29b64d0_0_0 .concat [ 8 1 1 1], L_0x5621e29b5ff0, L_0x5621e29b6430, L_0x5621e29b62b0, L_0x5621e29b6210;
LS_0x5621e29b64d0_0_4 .concat [ 1 0 0 0], L_0x5621e29b60e0;
L_0x5621e29b64d0 .concat [ 11 1 0 0], LS_0x5621e29b64d0_0_0, LS_0x5621e29b64d0_0_4;
    .scope S_0x5621e2965f30;
T_0 ;
    %wait E_0x5621e2964600;
    %load/vec4 v0x5621e29b53f0_0;
    %inv;
    %flag_set/vec4 8;
    %jmp/0xz  T_0.0, 8;
    %pushi/vec4 0, 0, 1;
    %assign/vec4 v0x5621e29b5760_0, 0;
    %pushi/vec4 0, 0, 4;
    %assign/vec4 v0x5621e29b5070_0, 0;
    %pushi/vec4 0, 0, 12;
    %assign/vec4 v0x5621e29b54b0_0, 0;
    %pushi/vec4 0, 0, 12;
    %assign/vec4 v0x5621e29b5310_0, 0;
    %pushi/vec4 0, 0, 1;
    %assign/vec4 v0x5621e29b5820_0, 0;
    %jmp T_0.1;
T_0.0 ;
    %load/vec4 v0x5621e29b56a0_0;
    %inv;
    %assign/vec4 v0x5621e29b5760_0, 0;
    %load/vec4 v0x5621e29b58e0_0;
    %flag_set/vec4 8;
    %jmp/0xz  T_0.2, 8;
    %load/vec4 v0x5621e29b5070_0;
    %addi 1, 0, 4;
    %store/vec4 v0x5621e29b5070_0, 0, 4;
T_0.2 ;
    %load/vec4 v0x5621e29b58e0_0;
    %flag_set/vec4 8;
    %jmp/0xz  T_0.4, 8;
    %load/vec4 v0x5621e29b5070_0;
    %pad/u 32;
    %cmpi/e 15, 0, 32;
    %jmp/0xz  T_0.6, 4;
    %load/vec4 v0x5621e29b5150_0;
    %assign/vec4 v0x5621e29b54b0_0, 0;
    %load/vec4 v0x5621e29b54b0_0;
    %assign/vec4 v0x5621e29b5310_0, 0;
    %pushi/vec4 1, 0, 1;
    %assign/vec4 v0x5621e29b5820_0, 0;
    %jmp T_0.7;
T_0.6 ;
    %load/vec4 v0x5621e29b54b0_0;
    %load/vec4 v0x5621e29b5150_0;
    %add;
    %assign/vec4 v0x5621e29b54b0_0, 0;
T_0.7 ;
    %jmp T_0.5;
T_0.4 ;
    %pushi/vec4 0, 0, 1;
    %assign/vec4 v0x5621e29b5820_0, 0;
T_0.5 ;
T_0.1 ;
    %jmp T_0;
    .thread T_0;
# The file index is used to find the file name in the following table.
:file_names 3;
    "N/A";
    "<interactive>";
    "sigma16p.v";
