#! /usr/local/bin/vvp
:ivl_version "11.0 (stable)" "(v11_0-128-gf8e29ee5e)";
:ivl_delay_selection "TYPICAL";
:vpi_time_precision - 11;
:vpi_module "/usr/local/lib/ivl/system.vpi";
:vpi_module "/usr/local/lib/ivl/vhdl_sys.vpi";
:vpi_module "/usr/local/lib/ivl/vhdl_textio.vpi";
:vpi_module "/usr/local/lib/ivl/v2005_math.vpi";
:vpi_module "/usr/local/lib/ivl/va_math.vpi";
S_0x555790626f30 .scope module, "UART_RXer" "UART_RXer" 2 5;
 .timescale -9 -11;
    .port_info 0 /INPUT 1 "clk";
    .port_info 1 /INPUT 1 "res";
    .port_info 2 /INPUT 8 "data_in";
    .port_info 3 /INPUT 1 "en_data_in";
    .port_info 4 /OUTPUT 1 "TX";
    .port_info 5 /OUTPUT 1 "rdy";
v0x555790624e80_0 .net "TX", 0 0, L_0x555790673bd0;  1 drivers
o0x7ff19a545048 .functor BUFZ 1, C4<z>; HiZ drive
v0x555790673380_0 .net "clk", 0 0, o0x7ff19a545048;  0 drivers
v0x555790673440_0 .var "con", 12 0;
o0x7ff19a5450a8 .functor BUFZ 8, C4<zzzzzzzz>; HiZ drive
v0x555790673500_0 .net "data_in", 7 0, o0x7ff19a5450a8;  0 drivers
o0x7ff19a5450d8 .functor BUFZ 1, C4<z>; HiZ drive
v0x5557906735e0_0 .net "en_data_in", 0 0, o0x7ff19a5450d8;  0 drivers
v0x5557906736f0_0 .var "rdy", 0 0;
o0x7ff19a545138 .functor BUFZ 1, C4<z>; HiZ drive
v0x5557906737b0_0 .net "res", 0 0, o0x7ff19a545138;  0 drivers
v0x555790673870_0 .var "send_buf", 10 0;
v0x555790673950_0 .var "send_flag", 9 0;
v0x555790673a30_0 .var "state", 3 0;
E_0x555790625600/0 .event negedge, v0x5557906737b0_0;
E_0x555790625600/1 .event posedge, v0x555790673380_0;
E_0x555790625600 .event/or E_0x555790625600/0, E_0x555790625600/1;
L_0x555790673bd0 .part v0x555790673870_0, 0, 1;
    .scope S_0x555790626f30;
T_0 ;
    %wait E_0x555790625600;
    %load/vec4 v0x5557906737b0_0;
    %inv;
    %flag_set/vec4 8;
    %jmp/0xz  T_0.0, 8;
    %pushi/vec4 0, 0, 4;
    %assign/vec4 v0x555790673a30_0, 0;
    %pushi/vec4 0, 0, 11;
    %assign/vec4 v0x555790673870_0, 0;
    %pushi/vec4 0, 0, 13;
    %assign/vec4 v0x555790673440_0, 0;
    %pushi/vec4 512, 0, 10;
    %assign/vec4 v0x555790673950_0, 0;
    %pushi/vec4 0, 0, 1;
    %assign/vec4 v0x5557906736f0_0, 0;
    %jmp T_0.1;
T_0.0 ;
    %load/vec4 v0x555790673a30_0;
    %dup/vec4;
    %pushi/vec4 0, 0, 4;
    %cmp/u;
    %jmp/1 T_0.2, 6;
    %dup/vec4;
    %pushi/vec4 1, 0, 4;
    %cmp/u;
    %jmp/1 T_0.3, 6;
    %jmp T_0.4;
T_0.2 ;
    %load/vec4 v0x5557906735e0_0;
    %flag_set/vec4 8;
    %jmp/0xz  T_0.5, 8;
    %pushi/vec4 1, 0, 1;
    %load/vec4 v0x555790673500_0;
    %concat/vec4; draw_concat_vec4
    %concati/vec4 0, 0, 1;
    %pad/u 11;
    %store/vec4 v0x555790673870_0, 0, 11;
    %pushi/vec4 512, 0, 10;
    %assign/vec4 v0x555790673950_0, 0;
    %pushi/vec4 1, 0, 1;
    %assign/vec4 v0x5557906736f0_0, 0;
    %pushi/vec4 1, 0, 4;
    %assign/vec4 v0x555790673a30_0, 0;
T_0.5 ;
    %jmp T_0.4;
T_0.3 ;
    %load/vec4 v0x555790673440_0;
    %pad/u 32;
    %cmpi/e 4999, 0, 32;
    %jmp/0xz  T_0.7, 4;
    %pushi/vec4 0, 0, 13;
    %assign/vec4 v0x555790673440_0, 0;
    %jmp T_0.8;
T_0.7 ;
    %load/vec4 v0x555790673440_0;
    %addi 1, 0, 13;
    %assign/vec4 v0x555790673440_0, 0;
T_0.8 ;
    %load/vec4 v0x555790673440_0;
    %pad/u 32;
    %cmpi/e 0, 0, 32;
    %jmp/0xz  T_0.9, 4;
    %load/vec4 v0x555790673870_0;
    %parti/s 9, 1, 2;
    %ix/load 4, 0, 0;
    %ix/load 5, 0, 0;
    %flag_set/imm 4, 0;
    %assign/vec4/off/d v0x555790673870_0, 4, 5;
    %load/vec4 v0x555790673950_0;
    %parti/s 9, 1, 2;
    %ix/load 4, 0, 0;
    %ix/load 5, 0, 0;
    %flag_set/imm 4, 0;
    %assign/vec4/off/d v0x555790673950_0, 4, 5;
T_0.9 ;
    %load/vec4 v0x555790673950_0;
    %parti/s 1, 0, 2;
    %flag_set/vec4 8;
    %jmp/0xz  T_0.11, 8;
    %pushi/vec4 0, 0, 1;
    %assign/vec4 v0x5557906736f0_0, 0;
    %pushi/vec4 0, 0, 4;
    %assign/vec4 v0x555790673a30_0, 0;
T_0.11 ;
    %jmp T_0.4;
T_0.4 ;
    %pop/vec4 1;
T_0.1 ;
    %jmp T_0;
    .thread T_0;
# The file index is used to find the file name in the following table.
:file_names 3;
    "N/A";
    "<interactive>";
    "tri_gen.v";
